2024-09-26 15:35:58 -  - exec CUpdateClientPartner::__CollectRequestData
2024-09-26 15:35:58 -  - exec CUpdateClientPartner::GetHTTPPage
2024-09-26 15:35:59 -  - exec CUpdateClientPartner::ParseServerData
2024-09-26 15:35:59 -  - exec CUpdateClientPartner::GetUpdatesList
2024-09-26 15:35:59 -  - exec CUpdateClientPartner::__CollectRequestData
2024-09-26 15:35:59 -  - utf=Y&lang=ru&stable=Y&CANGZIP=Y&SUPD_DBS=MYSQL&XE=N&CLIENT_SITE=localhost&LICENSE_KEY=X&SUPD_STS=1&SUPD_URS=1&TYPENC=D&CLIENT_PHPVER=8.3.11&NGINX=Y&dbv=8.0.39&instm=main%2C23.300.100%2CY%3Bform%2C22.0.0%2CN%3Bbitrix.sitepersonal%2C15.5.0%2CN%3Bsecurity%2C21.300.0%2CN%3Bblog%2C22.0.0%2CN%3Brest%2C23.100.0%2CN%3Blanding%2C23.600.150%2CN%3Bseo%2C23.200.0%2CN%3Bforum%2C23.0.0%2CN%3Bsearch%2C22.100.0%2CN%3Bbitrixcloud%2C22.100.0%2CN%3Bclouds%2C23.0.0%2CN%3Bperfmon%2C21.0.0%2CN%3Bsubscribe%2C21.0.0%2CN%3Bui%2C22.1600.0%2CN%3Btranslate%2C23.200.0%2CN%3Bmobileapp%2C23.0.0%2CN%3Bphotogallery%2C22.0.200%2CN%3Biblock%2C23.100.0%2CN%3Bfileman%2C22.300.0%2CN%3Bmessageservice%2C23.0.0%2CN%3Bhighloadblock%2C22.200.0%2CN%3Blocation%2C23.0.0%2CN%3Bbitrix.sitecorporate%2C15.5.0%2CN%3Bsocialservices%2C22.200.400%2CN%3Bb24connector%2C22.0.0%2CN%3Bbitrix.siteinfoportal%2C15.5.0%2CN%3Bvote%2C23.0.0%2CN%3Bscale%2C21.0.0%2CN&reqm=bitrix.sitepersonal%2Cbitrix.sitecorporate%2Cbitrix.siteinfoportal&fullmoduleinfo=Y&SUPD_SRS=RU&SUPD_CMP=N
2024-09-26 15:35:59 -  - exec CUpdateClientPartner::GetHTTPPage
2024-09-26 15:35:59 -  - TIME GetUpdatesList(request) 0.232 sec
2024-09-26 15:35:59 -  - exec CUpdateClientPartner::ParseServerData
2024-09-26 15:35:59 -  - exec CUpdateClientPartner::__CollectRequestData
2024-09-26 15:35:59 -  - exec CUpdateClientPartner::GetHTTPPage
2024-09-26 15:35:59 -  - exec CUpdateClientPartner::ParseServerData
2024-09-27 15:48:21 -  - exec CUpdateClientPartner::__CollectRequestData
2024-09-27 15:48:21 -  - exec CUpdateClientPartner::GetHTTPPage
2024-09-27 15:48:22 -  - exec CUpdateClientPartner::ParseServerData
2024-09-27 15:48:22 -  - exec CUpdateClientPartner::GetUpdatesList
2024-09-27 15:48:22 -  - exec CUpdateClientPartner::__CollectRequestData
2024-09-27 15:48:22 -  - utf=Y&lang=ru&stable=Y&CANGZIP=Y&SUPD_DBS=MYSQL&XE=N&CLIENT_SITE=localhost&LICENSE_KEY=X&SUPD_STS=1&SUPD_URS=1&TYPENC=D&CLIENT_PHPVER=8.3.11&NGINX=Y&dbv=8.0.39&instm=main%2C23.300.100%2CY%3Bform%2C22.0.0%2CN%3Bbitrix.sitepersonal%2C15.5.0%2CN%3Bsecurity%2C21.300.0%2CN%3Bblog%2C22.0.0%2CN%3Brest%2C23.100.0%2CN%3Blanding%2C23.600.150%2CN%3Bseo%2C23.200.0%2CN%3Bforum%2C23.0.0%2CN%3Bsearch%2C22.100.0%2CN%3Bbitrixcloud%2C22.100.0%2CN%3Bclouds%2C23.0.0%2CN%3Bperfmon%2C21.0.0%2CN%3Bsubscribe%2C21.0.0%2CN%3Bui%2C22.1600.0%2CN%3Btranslate%2C23.200.0%2CN%3Bmobileapp%2C23.0.0%2CN%3Bphotogallery%2C22.0.200%2CN%3Biblock%2C23.100.0%2CN%3Bfileman%2C22.300.0%2CN%3Bmessageservice%2C23.0.0%2CN%3Bhighloadblock%2C22.200.0%2CN%3Blocation%2C23.0.0%2CN%3Bbitrix.sitecorporate%2C15.5.0%2CN%3Bsocialservices%2C22.200.400%2CN%3Bb24connector%2C22.0.0%2CN%3Bbitrix.siteinfoportal%2C15.5.0%2CN%3Bvote%2C23.0.0%2CN%3Bscale%2C21.0.0%2CN&reqm=bitrix.sitepersonal%2Cbitrix.sitecorporate%2Cbitrix.siteinfoportal&fullmoduleinfo=Y&SUPD_SRS=RU&SUPD_CMP=N
2024-09-27 15:48:22 -  - exec CUpdateClientPartner::GetHTTPPage
2024-09-27 15:48:22 -  - TIME GetUpdatesList(request) 0.272 sec
2024-09-27 15:48:22 -  - exec CUpdateClientPartner::ParseServerData
2024-09-27 15:48:22 -  - exec CUpdateClientPartner::__CollectRequestData
2024-09-27 15:48:22 -  - exec CUpdateClientPartner::GetHTTPPage
2024-09-27 15:48:22 -  - exec CUpdateClientPartner::ParseServerData
2024-09-30 08:22:52 -  - exec CUpdateClientPartner::__CollectRequestData
2024-09-30 08:22:52 -  - exec CUpdateClientPartner::GetHTTPPage
2024-09-30 08:22:53 -  - exec CUpdateClientPartner::ParseServerData
2024-09-30 08:22:53 -  - exec CUpdateClientPartner::GetUpdatesList
2024-09-30 08:22:53 -  - exec CUpdateClientPartner::__CollectRequestData
2024-09-30 08:22:53 -  - utf=Y&lang=ru&stable=Y&CANGZIP=Y&SUPD_DBS=MYSQL&XE=N&CLIENT_SITE=localhost&LICENSE_KEY=X&SUPD_STS=1&SUPD_URS=1&TYPENC=D&CLIENT_PHPVER=8.3.11&NGINX=Y&dbv=8.0.39&instm=main%2C23.300.100%2CY%3Bform%2C22.0.0%2CN%3Bbitrix.sitepersonal%2C15.5.0%2CN%3Bsecurity%2C21.300.0%2CN%3Bblog%2C22.0.0%2CN%3Brest%2C23.100.0%2CN%3Blanding%2C23.600.150%2CN%3Bseo%2C23.200.0%2CN%3Bforum%2C23.0.0%2CN%3Bsearch%2C22.100.0%2CN%3Bbitrixcloud%2C22.100.0%2CN%3Bclouds%2C23.0.0%2CN%3Bperfmon%2C21.0.0%2CN%3Bsubscribe%2C21.0.0%2CN%3Bui%2C22.1600.0%2CN%3Btranslate%2C23.200.0%2CN%3Bmobileapp%2C23.0.0%2CN%3Bphotogallery%2C22.0.200%2CN%3Biblock%2C23.100.0%2CN%3Bfileman%2C22.300.0%2CN%3Bmessageservice%2C23.0.0%2CN%3Bhighloadblock%2C22.200.0%2CN%3Blocation%2C23.0.0%2CN%3Bbitrix.sitecorporate%2C15.5.0%2CN%3Bsocialservices%2C22.200.400%2CN%3Bb24connector%2C22.0.0%2CN%3Bbitrix.siteinfoportal%2C15.5.0%2CN%3Bvote%2C23.0.0%2CN%3Bscale%2C21.0.0%2CN&reqm=bitrix.sitepersonal%2Cbitrix.sitecorporate%2Cbitrix.siteinfoportal&fullmoduleinfo=Y&SUPD_SRS=RU&SUPD_CMP=N
2024-09-30 08:22:53 -  - exec CUpdateClientPartner::GetHTTPPage
2024-09-30 08:22:53 -  - TIME GetUpdatesList(request) 0.268 sec
2024-09-30 08:22:53 -  - exec CUpdateClientPartner::ParseServerData
2024-09-30 08:22:53 -  - exec CUpdateClientPartner::__CollectRequestData
2024-09-30 08:22:53 -  - exec CUpdateClientPartner::GetHTTPPage
2024-09-30 08:22:53 -  - exec CUpdateClientPartner::ParseServerData
2024-10-01 12:39:38 -  - exec CUpdateClientPartner::__CollectRequestData
2024-10-01 12:39:38 -  - exec CUpdateClientPartner::GetHTTPPage
2024-10-01 12:39:42 -  - exec CUpdateClientPartner::ParseServerData
2024-10-01 12:39:42 -  - exec CUpdateClientPartner::GetUpdatesList
2024-10-01 12:39:42 -  - exec CUpdateClientPartner::__CollectRequestData
2024-10-01 12:39:42 -  - utf=Y&lang=ru&stable=Y&CANGZIP=Y&SUPD_DBS=MYSQL&XE=N&CLIENT_SITE=localhost&LICENSE_KEY=X&SUPD_STS=1&SUPD_URS=1&TYPENC=D&CLIENT_PHPVER=8.3.11&NGINX=Y&dbv=8.0.39&instm=main%2C23.300.100%2CY%3Bform%2C22.0.0%2CN%3Bbitrix.sitepersonal%2C15.5.0%2CN%3Bsecurity%2C21.300.0%2CN%3Bblog%2C22.0.0%2CN%3Brest%2C23.100.0%2CN%3Blanding%2C23.600.150%2CN%3Bseo%2C23.200.0%2CN%3Bforum%2C23.0.0%2CN%3Bsearch%2C22.100.0%2CN%3Bbitrixcloud%2C22.100.0%2CN%3Bclouds%2C23.0.0%2CN%3Bperfmon%2C21.0.0%2CN%3Bsubscribe%2C21.0.0%2CN%3Bui%2C22.1600.0%2CN%3Btranslate%2C23.200.0%2CN%3Bmobileapp%2C23.0.0%2CN%3Bphotogallery%2C22.0.200%2CN%3Biblock%2C23.100.0%2CN%3Bfileman%2C22.300.0%2CN%3Bmessageservice%2C23.0.0%2CN%3Bhighloadblock%2C22.200.0%2CN%3Blocation%2C23.0.0%2CN%3Bbitrix.sitecorporate%2C15.5.0%2CN%3Bsocialservices%2C22.200.400%2CN%3Bb24connector%2C22.0.0%2CN%3Bbitrix.siteinfoportal%2C15.5.0%2CN%3Bvote%2C23.0.0%2CN%3Bscale%2C21.0.0%2CN&reqm=bitrix.sitepersonal%2Cbitrix.sitecorporate%2Cbitrix.siteinfoportal&fullmoduleinfo=Y&SUPD_SRS=RU&SUPD_CMP=N
2024-10-01 12:39:42 -  - exec CUpdateClientPartner::GetHTTPPage
2024-10-01 12:39:43 -  - TIME GetUpdatesList(request) 1.226 sec
2024-10-01 12:39:43 -  - exec CUpdateClientPartner::ParseServerData
2024-10-01 12:39:43 -  - exec CUpdateClientPartner::__CollectRequestData
2024-10-01 12:39:43 -  - exec CUpdateClientPartner::GetHTTPPage
2024-10-01 12:39:45 -  - exec CUpdateClientPartner::ParseServerData
2024-10-03 09:01:57 -  - exec CUpdateClientPartner::__CollectRequestData
2024-10-03 09:01:57 -  - exec CUpdateClientPartner::GetHTTPPage
2024-10-03 09:01:58 -  - exec CUpdateClientPartner::ParseServerData
2024-10-03 09:01:58 -  - exec CUpdateClientPartner::GetUpdatesList
2024-10-03 09:01:58 -  - exec CUpdateClientPartner::__CollectRequestData
2024-10-03 09:01:58 -  - utf=Y&lang=ru&stable=Y&CANGZIP=Y&SUPD_DBS=MYSQL&XE=N&CLIENT_SITE=localhost&LICENSE_KEY=X&SUPD_STS=1&SUPD_URS=1&TYPENC=D&CLIENT_PHPVER=8.3.11&NGINX=Y&dbv=8.0.39&instm=main%2C23.300.100%2CY%3Bform%2C22.0.0%2CN%3Bbitrix.sitepersonal%2C15.5.0%2CN%3Bsecurity%2C21.300.0%2CN%3Bblog%2C22.0.0%2CN%3Brest%2C23.100.0%2CN%3Blanding%2C23.600.150%2CN%3Bseo%2C23.200.0%2CN%3Bforum%2C23.0.0%2CN%3Bsearch%2C22.100.0%2CN%3Bbitrixcloud%2C22.100.0%2CN%3Bclouds%2C23.0.0%2CN%3Bperfmon%2C21.0.0%2CN%3Bsubscribe%2C21.0.0%2CN%3Bui%2C22.1600.0%2CN%3Btranslate%2C23.200.0%2CN%3Bmobileapp%2C23.0.0%2CN%3Bphotogallery%2C22.0.200%2CN%3Biblock%2C23.100.0%2CN%3Bfileman%2C22.300.0%2CN%3Bmessageservice%2C23.0.0%2CN%3Bhighloadblock%2C22.200.0%2CN%3Blocation%2C23.0.0%2CN%3Bbitrix.sitecorporate%2C15.5.0%2CN%3Bsocialservices%2C22.200.400%2CN%3Bb24connector%2C22.0.0%2CN%3Bbitrix.siteinfoportal%2C15.5.0%2CN%3Bvote%2C23.0.0%2CN%3Bscale%2C21.0.0%2CN&reqm=bitrix.sitepersonal%2Cbitrix.sitecorporate%2Cbitrix.siteinfoportal&fullmoduleinfo=Y&SUPD_SRS=RU&SUPD_CMP=N
2024-10-03 09:01:58 -  - exec CUpdateClientPartner::GetHTTPPage
2024-10-03 09:01:58 -  - TIME GetUpdatesList(request) 0.32 sec
2024-10-03 09:01:58 -  - exec CUpdateClientPartner::ParseServerData
2024-10-03 09:01:58 -  - exec CUpdateClientPartner::__CollectRequestData
2024-10-03 09:01:58 -  - exec CUpdateClientPartner::GetHTTPPage
2024-10-03 09:01:58 -  - exec CUpdateClientPartner::ParseServerData
2024-10-04 09:09:31 -  - exec CUpdateClientPartner::__CollectRequestData
2024-10-04 09:09:31 -  - exec CUpdateClientPartner::GetHTTPPage
2024-10-04 09:09:32 -  - exec CUpdateClientPartner::ParseServerData
2024-10-04 09:09:32 -  - exec CUpdateClientPartner::GetUpdatesList
2024-10-04 09:09:32 -  - exec CUpdateClientPartner::__CollectRequestData
2024-10-04 09:09:32 -  - utf=Y&lang=ru&stable=Y&CANGZIP=Y&SUPD_DBS=MYSQL&XE=N&CLIENT_SITE=localhost&LICENSE_KEY=X&SUPD_STS=2&SUPD_URS=1&TYPENC=D&CLIENT_PHPVER=8.3.11&NGINX=Y&dbv=8.0.39&instm=main%2C23.300.100%2CY%3Bform%2C22.0.0%2CN%3Bbitrix.sitepersonal%2C15.5.0%2CN%3Bsecurity%2C21.300.0%2CN%3Bblog%2C22.0.0%2CN%3Brest%2C23.100.0%2CN%3Blanding%2C23.600.150%2CN%3Bseo%2C23.200.0%2CN%3Bforum%2C23.0.0%2CN%3Bsearch%2C22.100.0%2CN%3Bbitrixcloud%2C22.100.0%2CN%3Bclouds%2C23.0.0%2CN%3Bperfmon%2C21.0.0%2CN%3Bsubscribe%2C21.0.0%2CN%3Bui%2C22.1600.0%2CN%3Btranslate%2C23.200.0%2CN%3Bmobileapp%2C23.0.0%2CN%3Bphotogallery%2C22.0.200%2CN%3Biblock%2C23.100.0%2CN%3Bfileman%2C22.300.0%2CN%3Bmessageservice%2C23.0.0%2CN%3Bhighloadblock%2C22.200.0%2CN%3Blocation%2C23.0.0%2CN%3Bbitrix.sitecorporate%2C15.5.0%2CN%3Bsocialservices%2C22.200.400%2CN%3Bb24connector%2C22.0.0%2CN%3Bbitrix.siteinfoportal%2C15.5.0%2CN%3Bvote%2C23.0.0%2CN%3Bscale%2C21.0.0%2CN&reqm=bitrix.sitepersonal%2Cbitrix.sitecorporate%2Cbitrix.siteinfoportal&fullmoduleinfo=Y&SUPD_SRS=RU&SUPD_CMP=N
2024-10-04 09:09:32 -  - exec CUpdateClientPartner::GetHTTPPage
2024-10-04 09:09:32 -  - TIME GetUpdatesList(request) 0.3 sec
2024-10-04 09:09:32 -  - exec CUpdateClientPartner::ParseServerData
2024-10-04 09:09:32 -  - exec CUpdateClientPartner::__CollectRequestData
2024-10-04 09:09:32 -  - exec CUpdateClientPartner::GetHTTPPage
2024-10-04 09:09:33 -  - exec CUpdateClientPartner::ParseServerData
2024-10-07 09:30:25 -  - exec CUpdateClientPartner::__CollectRequestData
2024-10-07 09:30:25 -  - exec CUpdateClientPartner::GetHTTPPage
2024-10-07 09:30:26 -  - exec CUpdateClientPartner::ParseServerData
2024-10-07 09:30:26 -  - exec CUpdateClientPartner::GetUpdatesList
2024-10-07 09:30:26 -  - exec CUpdateClientPartner::__CollectRequestData
2024-10-07 09:30:26 -  - utf=Y&lang=ru&stable=Y&CANGZIP=Y&SUPD_DBS=MYSQL&XE=N&CLIENT_SITE=localhost&LICENSE_KEY=X&SUPD_STS=2&SUPD_URS=1&TYPENC=D&CLIENT_PHPVER=8.3.11&NGINX=Y&dbv=8.0.39&instm=main%2C23.300.100%2CY%3Bform%2C22.0.0%2CN%3Bbitrix.sitepersonal%2C15.5.0%2CN%3Bsecurity%2C21.300.0%2CN%3Bblog%2C22.0.0%2CN%3Brest%2C23.100.0%2CN%3Blanding%2C23.600.150%2CN%3Bseo%2C23.200.0%2CN%3Bforum%2C23.0.0%2CN%3Bsearch%2C22.100.0%2CN%3Bbitrixcloud%2C22.100.0%2CN%3Bclouds%2C23.0.0%2CN%3Bperfmon%2C21.0.0%2CN%3Bsubscribe%2C21.0.0%2CN%3Bui%2C22.1600.0%2CN%3Btranslate%2C23.200.0%2CN%3Bmobileapp%2C23.0.0%2CN%3Bphotogallery%2C22.0.200%2CN%3Biblock%2C23.100.0%2CN%3Bfileman%2C22.300.0%2CN%3Bmessageservice%2C23.0.0%2CN%3Bhighloadblock%2C22.200.0%2CN%3Blocation%2C23.0.0%2CN%3Bbitrix.sitecorporate%2C15.5.0%2CN%3Bsocialservices%2C22.200.400%2CN%3Bb24connector%2C22.0.0%2CN%3Bbitrix.siteinfoportal%2C15.5.0%2CN%3Bvote%2C23.0.0%2CN%3Bscale%2C21.0.0%2CN&reqm=bitrix.sitepersonal%2Cbitrix.sitecorporate%2Cbitrix.siteinfoportal&fullmoduleinfo=Y&SUPD_SRS=RU&SUPD_CMP=N
2024-10-07 09:30:26 -  - exec CUpdateClientPartner::GetHTTPPage
2024-10-07 09:30:26 -  - TIME GetUpdatesList(request) 0.332 sec
2024-10-07 09:30:26 -  - exec CUpdateClientPartner::ParseServerData
2024-10-07 09:30:26 -  - exec CUpdateClientPartner::__CollectRequestData
2024-10-07 09:30:26 -  - exec CUpdateClientPartner::GetHTTPPage
2024-10-07 09:30:26 -  - exec CUpdateClientPartner::ParseServerData
